{"name": "test_login_1_success[success_data0]", "status": "failed", "statusDetails": {"message": "AssertionError: assert False", "trace": "self = <TestCases.Test0LoginCases.test_00_login.TestLogin object at 0x000002DA3337F460>\naccess_web = (<selenium.webdriver.chrome.webdriver.WebDriver (session=\"adfc25fb6588f3b836db865bd0c6b09d\")>, <PageObjects.login_page.LoginPage object at 0x000002DA336568B0>)\nsuccess_data = {'password': 'test123456', 'title': '正常登录', 'user': '17307428595'}\n\n    @pytest.mark.parametrize(\"success_data\", LD.success_data)\n    @pytest.mark.smoke3\n    def test_login_1_success(self, access_web, success_data):  # fixture的函数名称作为用例参数，用来接收fixture的返回值\n        my_log.info(\"****正常用例——{}****\".format(success_data['title']))\n        # 步骤 输入用户名：Xxx 密码：XXX 点击登录\n        access_web[1].login(success_data['user'], success_data['password'])\n        # 断言 首页中能否找到退出元素\n        try:\n            with allure.step(\"step6：断言是否存在退出链接\"):\n                # assert IndexPage(access_web[0]).isExist_logout_ele()\n>               assert False\nE               assert False\n\nTestCases\\Test0LoginCases\\test_00_login.py:98: AssertionError"}, "steps": [{"name": "step1：等待登录按钮可见", "status": "passed", "start": 1647233637356, "stop": 1647233637370}, {"name": "step2：在('xpath', '//input[@name=\"phone\"]')中输入用户名：17307428595", "status": "passed", "start": 1647233637370, "stop": 1647233637446}, {"name": "step3：在('xpath', '//input[@name=\"password\"]')中输入密码：test123456", "status": "passed", "start": 1647233637446, "stop": 1647233637507}, {"name": "step4：勾选记住密码", "status": "passed", "start": 1647233637507, "stop": 1647233637507}, {"name": "step5：点击登录按钮", "status": "passed", "start": 1647233637507, "stop": 1647233637545}, {"name": "step6：断言是否存在退出链接", "status": "failed", "statusDetails": {"message": "AssertionError: assert False\n", "trace": "  File \"D:\\Develop\\JetBrains\\PyCharm\\PycharmProjects\\Web_Framework_V3\\TestCases\\Test0LoginCases\\test_00_login.py\", line 98, in test_login_1_success\n    assert False\n"}, "start": 1647233637545, "stop": 1647233637545}, {"name": "添加失败截图...", "status": "passed", "attachments": [{"name": "失败截图", "source": "12d8b63d-6615-4bea-ad67-79a22b643c30-attachment.png", "type": "image/png"}], "start": 1647233637545, "stop": 1647233638366}], "attachments": [{"name": "log", "source": "3846a7c9-6e47-4ea9-b338-de29f13700a0-attachment.txt", "type": "text/plain"}], "parameters": [{"name": "success_data", "value": "{'user': '17307428595', 'password': 'test123456', 'title': '正常登录'}"}], "start": 1647233637352, "stop": 1647233637545, "uuid": "eee260c2-c0f4-49da-b444-74d08c1573af", "historyId": "375ca11fda12ee44766fa033dee5124e", "testCaseId": "a09205c33e5357083a30ed3b570e3817", "fullName": "TestCases.Test0LoginCases.test_00_login.TestLogin#test_login_1_success", "labels": [{"name": "tag", "value": "smoke3"}, {"name": "tag", "value": "@pytest.mark.usefixtures('refresh_page')"}, {"name": "parentSuite", "value": "TestCases.Test0LoginCases"}, {"name": "suite", "value": "test_00_login"}, {"name": "subSuite", "value": "TestLogin"}, {"name": "host", "value": "LAPTOP-K8AKE3RG"}, {"name": "thread", "value": "37788-MainThread"}, {"name": "framework", "value": "pytest"}, {"name": "language", "value": "cpython3"}, {"name": "package", "value": "TestCases.Test0LoginCases.test_00_login"}]}